app/build/intermediates/manifest_merge_blame_file/debug/manifest-merger-blame-debug-report.txt
1<?xml version="1.0" encoding="utf-8"?>
2<manifest xmlns:android="http://schemas.android.com/apk/res/android"
3    package="com.example.casino"
4    android:versionCode="1"
5    android:versionName="1.0" >
6
7    <uses-sdk
8        android:minSdkVersion="16"
8-->src\main\AndroidManifest.xml
9        android:targetSdkVersion="29" />
9-->src\main\AndroidManifest.xml
10
11    <uses-permission android:name="android.permission.INTERNET" />
11-->src\main\AndroidManifest.xml:5:5-66
11-->src\main\AndroidManifest.xml:5:22-64
12
13    <application
13-->src\main\AndroidManifest.xml:8:5-32:19
14        android:allowBackup="true"
14-->src\main\AndroidManifest.xml:9:9-35
15        android:appComponentFactory="androidx.core.app.CoreComponentFactory"
15-->[androidx.core:core:1.1.0] AndroidManifest.xml:24:18-86
16        android:debuggable="true"
17        android:icon="@mipmap/ic_launcher"
17-->src\main\AndroidManifest.xml:10:9-43
18        android:label="@string/app_name"
18-->src\main\AndroidManifest.xml:11:9-41
19        android:roundIcon="@mipmap/ic_launcher_round"
19-->src\main\AndroidManifest.xml:12:9-54
20        android:supportsRtl="true"
20-->src\main\AndroidManifest.xml:13:9-35
21        android:testOnly="true"
22        android:theme="@style/AppTheme" >
22-->src\main\AndroidManifest.xml:14:9-40
23        <activity android:name="com.example.casino.MainActivity" >
23-->src\main\AndroidManifest.xml:15:9-21:20
23-->src\main\AndroidManifest.xml:15:19-47
24            <intent-filter>
24-->src\main\AndroidManifest.xml:16:13-20:29
25                <action android:name="android.intent.action.MAIN" />
25-->src\main\AndroidManifest.xml:17:17-69
25-->src\main\AndroidManifest.xml:17:25-66
26
27                <category android:name="android.intent.category.LAUNCHER" />
27-->src\main\AndroidManifest.xml:19:17-77
27-->src\main\AndroidManifest.xml:19:27-74
28            </intent-filter>
29        </activity>
30        <activity android:name="com.example.casino.AdminActivity" />
30-->src\main\AndroidManifest.xml:22:9-51
30-->src\main\AndroidManifest.xml:22:19-48
31        <activity android:name="com.example.casino.StudentActivity" />
31-->src\main\AndroidManifest.xml:23:9-53
31-->src\main\AndroidManifest.xml:23:19-50
32        <activity android:name="com.example.casino.LoginActivity" />
32-->src\main\AndroidManifest.xml:24:9-51
32-->src\main\AndroidManifest.xml:24:19-48
33        <activity android:name="com.example.casino.Aptituderules" />
33-->src\main\AndroidManifest.xml:25:9-51
33-->src\main\AndroidManifest.xml:25:19-48
34        <activity android:name="com.example.casino.Crosswordrules" />
34-->src\main\AndroidManifest.xml:26:9-52
34-->src\main\AndroidManifest.xml:26:19-49
35        <activity android:name="com.example.casino.Jengarules" />
35-->src\main\AndroidManifest.xml:27:9-48
35-->src\main\AndroidManifest.xml:27:19-45
36        <activity android:name="com.example.casino.Spizrules" />
36-->src\main\AndroidManifest.xml:28:9-47
36-->src\main\AndroidManifest.xml:28:19-44
37        <activity android:name="com.example.casino.Tambolarules" />
37-->src\main\AndroidManifest.xml:29:9-50
37-->src\main\AndroidManifest.xml:29:19-47
38        <activity android:name="com.example.casino.Teenrules" />
38-->src\main\AndroidManifest.xml:30:9-47
38-->src\main\AndroidManifest.xml:30:19-44
39        <activity android:name="com.example.casino.Wheelrules" />
39-->src\main\AndroidManifest.xml:31:9-48
39-->src\main\AndroidManifest.xml:31:19-45
40        <activity
40-->[com.google.android.gms:play-services-base:9.2.1] AndroidManifest.xml:20:9-22:45
41            android:name="com.google.android.gms.common.api.GoogleApiActivity"
41-->[com.google.android.gms:play-services-base:9.2.1] AndroidManifest.xml:20:19-85
42            android:exported="false"
42-->[com.google.android.gms:play-services-base:9.2.1] AndroidManifest.xml:22:19-43
43            android:theme="@android:style/Theme.Translucent.NoTitleBar" />
43-->[com.google.android.gms:play-services-base:9.2.1] AndroidManifest.xml:21:19-78
44
45        <provider
45-->[com.google.firebase:firebase-common:9.2.1] AndroidManifest.xml:7:9-11:39
46            android:name="com.google.firebase.provider.FirebaseInitProvider"
46-->[com.google.firebase:firebase-common:9.2.1] AndroidManifest.xml:9:13-58
47            android:authorities="com.example.casino.firebaseinitprovider"
47-->[com.google.firebase:firebase-common:9.2.1] AndroidManifest.xml:8:13-72
48            android:exported="false"
48-->[com.google.firebase:firebase-common:9.2.1] AndroidManifest.xml:10:13-37
49            android:initOrder="100" />
49-->[com.google.firebase:firebase-common:9.2.1] AndroidManifest.xml:11:13-36
50
51        <meta-data
51-->[com.google.android.gms:play-services-basement:9.2.1] AndroidManifest.xml:21:9-23:69
52            android:name="com.google.android.gms.version"
52-->[com.google.android.gms:play-services-basement:9.2.1] AndroidManifest.xml:22:13-58
53            android:value="@integer/google_play_services_version" />
53-->[com.google.android.gms:play-services-basement:9.2.1] AndroidManifest.xml:23:13-66
54    </application>
55
56</manifest>